<?xml version="1.0" encoding="UTF-8"?>
<!-- Generated by org.testng.reporters.JUnitXMLReporter -->
<testsuite ignored="0" hostname="VKN-CPU-0145" failures="0" tests="3" name="Default test" time="0.235" errors="0" timestamp="2023-11-07T16:10:18 IST">
  <testcase classname="com.qa.gorest.base.BaseTest" name="@BeforeTest setUp" time="-1.699353618498E9">
    <failure type="org.testng.TestNGException" message="
Parameter &amp;apos;baseURI&amp;apos; is required by BeforeTest on method setUp but has not been marked @Optional or defined
in C:\Users\karthise\AppData\Local\Temp\testng-eclipse-1927576301\testng-customsuite.xml">
      <![CDATA[org.testng.TestNGException: 
Parameter 'baseURI' is required by BeforeTest on method setUp but has not been marked @Optional or defined
in C:\Users\karthise\AppData\Local\Temp\testng-eclipse-1927576301\testng-customsuite.xml
at org.testng.internal.Parameters.createParams(Parameters.java:267)
at org.testng.internal.Parameters.createParametersForMethod(Parameters.java:355)
at org.testng.internal.Parameters.createParameters(Parameters.java:684)
at org.testng.internal.Parameters.createConfigurationParameters(Parameters.java:166)
at org.testng.internal.invokers.ConfigInvoker.invokeConfigurations(ConfigInvoker.java:277)
at org.testng.TestRunner.invokeTestConfigurations(TestRunner.java:644)
at org.testng.TestRunner.beforeRun(TestRunner.java:633)
at org.testng.TestRunner.run(TestRunner.java:595)
at org.testng.SuiteRunner.runTest(SuiteRunner.java:437)
at org.testng.SuiteRunner.runSequentially(SuiteRunner.java:431)
at org.testng.SuiteRunner.privateRun(SuiteRunner.java:391)
at org.testng.SuiteRunner.run(SuiteRunner.java:330)
at org.testng.SuiteRunnerWorker.runSuite(SuiteRunnerWorker.java:52)
at org.testng.SuiteRunnerWorker.run(SuiteRunnerWorker.java:95)
at org.testng.TestNG.runSuitesSequentially(TestNG.java:1256)
at org.testng.TestNG.runSuitesLocally(TestNG.java:1176)
at org.testng.TestNG.runSuites(TestNG.java:1099)
at org.testng.TestNG.run(TestNG.java:1067)
at org.testng.remote.AbstractRemoteTestNG.run(AbstractRemoteTestNG.java:115)
at org.testng.remote.RemoteTestNG.initAndRun(RemoteTestNG.java:251)
at org.testng.remote.RemoteTestNG.main(RemoteTestNG.java:77)
]]>
    </failure>
  </testcase> <!-- @BeforeTest setUp -->
  <testcase classname="com.qa.gorest.tests.GetUserTest" name="getAllUsersTst" time="0.0">
    <skipped/>
  </testcase> <!-- getAllUsersTst -->
  <testcase classname="com.qa.gorest.tests.GetUserTest" name="getUserTest" time="0.0">
    <skipped/>
  </testcase> <!-- getUserTest -->
  <testcase classname="com.qa.gorest.tests.GetUserTest" name="getUserWithQueryParamsTest" time="0.0">
    <skipped/>
  </testcase> <!-- getUserWithQueryParamsTest -->
</testsuite> <!-- Default test -->
